<?xml version="1.0" encoding="UTF-8"?>
<!-- Generated by org.testng.reporters.JUnitReportReporter -->
<testsuite skipped="0" hostname="SAHIL-PC" name="practice.Demo" tests="1" failures="0" timestamp="2023-03-21T20:04:00 IST" time="0.093" errors="0">
  <testcase name="sample" time="0.093" classname="practice.Demo"/>
  <system-out/>
</testsuite> <!-- practice.Demo -->
