<?xml version="1.0" encoding="UTF-8"?>
<!-- Generated by org.testng.reporters.JUnitReportReporter -->
<testsuite skipped="0" hostname="SAHIL-PC" name="practice.Work" tests="1" failures="0" timestamp="2023-03-21T20:19:06 IST" time="0.025" errors="0">
  <testcase name="work" time="0.025" classname="practice.Work"/>
  <system-out/>
</testsuite> <!-- practice.Work -->
