<?xml version="1.0" encoding="UTF-8"?>
<!-- Generated by org.testng.reporters.JUnitReportReporter -->
<testsuite skipped="0" hostname="SAHIL-PC" name="practice.Add" tests="1" failures="0" timestamp="2023-03-24T13:26:27 IST" time="0.023" errors="0">
  <testcase name="add" time="0.023" classname="practice.Add"/>
  <system-out/>
</testsuite> <!-- practice.Add -->
